12:56:41 INFO  : Launching XSCT server: xsct.bat -n  -interactive C:\Users\019130137\workspace\temp_xsdb_launch_script.tcl
12:56:41 INFO  : Registering command handlers for Vitis TCF services
12:56:41 INFO  : Platform repository initialization has completed.
12:56:49 INFO  : XSCT server has started successfully.
12:56:56 INFO  : Successfully done setting XSCT server connection channel  
12:56:56 INFO  : plnx-install-location is set to ''
12:56:56 INFO  : Successfully done query RDI_DATADIR 
12:56:56 INFO  : Successfully done setting workspace for the tool. 
13:03:53 INFO  : Result from executing command 'getProjects': zybo_platform
13:03:53 INFO  : Result from executing command 'getPlatforms': 
13:13:29 INFO  : Result from executing command 'getProjects': zybo_platform
13:13:29 INFO  : Result from executing command 'getPlatforms': zybo_platform|C:/Users/019130137/workspace/zybo_platform/export/zybo_platform/zybo_platform.xpfm
13:13:30 INFO  : Checking for BSP changes to sync application flags for project 'hello_world'...
13:13:58 INFO  : Connected to target on host '127.0.0.1' and port '3121'.
13:13:59 INFO  : Jtag cable 'Digilent Zybo Z7 210351BFAABCA' is selected.
13:13:59 INFO  : 'jtag frequency' command is executed.
13:13:59 INFO  : Context for 'APU' is selected.
13:14:00 INFO  : System reset is completed.
13:14:03 INFO  : 'after 3000' command is executed.
13:14:03 INFO  : 'targets -set -filter {jtag_cable_name =~ "Digilent Zybo Z7 210351BFAABCA" && level==0 && jtag_device_ctx=="jsn-Zybo Z7-210351BFAABCA-13722093-0"}' command is executed.
13:14:04 INFO  : Device configured successfully with "C:/Users/019130137/workspace/hello_world/_ide/bitstream/design_1_wrapper.bit"
13:14:04 INFO  : Context for 'APU' is selected.
13:14:04 INFO  : Hardware design and registers information is loaded from 'C:/Users/019130137/workspace/zybo_platform/export/zybo_platform/hw/design_1_wrapper.xsa'.
13:14:04 INFO  : 'configparams force-mem-access 1' command is executed.
13:14:04 INFO  : Context for 'APU' is selected.
13:14:04 INFO  : Sourcing of 'C:/Users/019130137/workspace/hello_world/_ide/psinit/ps7_init.tcl' is done.
13:14:05 INFO  : 'ps7_init' command is executed.
13:14:05 INFO  : 'ps7_post_config' command is executed.
13:14:05 INFO  : Context for processor 'ps7_cortexa9_0' is selected.
13:14:06 INFO  : The application 'C:/Users/019130137/workspace/hello_world/Debug/hello_world.elf' is downloaded to processor 'ps7_cortexa9_0'.
13:14:06 INFO  : 'configparams force-mem-access 0' command is executed.
13:14:06 INFO  : ----------------XSDB Script----------------
connect -url tcp:127.0.0.1:3121
targets -set -nocase -filter {name =~"APU*"}
rst -system
after 3000
targets -set -filter {jtag_cable_name =~ "Digilent Zybo Z7 210351BFAABCA" && level==0 && jtag_device_ctx=="jsn-Zybo Z7-210351BFAABCA-13722093-0"}
fpga -file C:/Users/019130137/workspace/hello_world/_ide/bitstream/design_1_wrapper.bit
targets -set -nocase -filter {name =~"APU*"}
loadhw -hw C:/Users/019130137/workspace/zybo_platform/export/zybo_platform/hw/design_1_wrapper.xsa -mem-ranges [list {0x40000000 0xbfffffff}] -regs
configparams force-mem-access 1
targets -set -nocase -filter {name =~"APU*"}
source C:/Users/019130137/workspace/hello_world/_ide/psinit/ps7_init.tcl
ps7_init
ps7_post_config
targets -set -nocase -filter {name =~ "*A9*#0"}
dow C:/Users/019130137/workspace/hello_world/Debug/hello_world.elf
configparams force-mem-access 0
----------------End of Script----------------

13:14:06 INFO  : Context for processor 'ps7_cortexa9_0' is selected.
13:14:06 INFO  : 'con' command is executed.
13:14:06 INFO  : ----------------XSDB Script (After Launch)----------------
targets -set -nocase -filter {name =~ "*A9*#0"}
con
----------------End of Script----------------

13:14:06 INFO  : Launch script is exported to file 'C:\Users\019130137\workspace\hello_world_system\_ide\scripts\systemdebugger_hello_world_system_standalone.tcl'
13:15:55 INFO  : Disconnected from the channel tcfchan#3.
13:15:55 INFO  : Connected to target on host '127.0.0.1' and port '3121'.
13:15:55 INFO  : Jtag cable 'Digilent Zybo Z7 210351BFAABCA' is selected.
13:15:55 INFO  : 'jtag frequency' command is executed.
13:15:55 INFO  : Context for 'APU' is selected.
13:15:56 INFO  : System reset is completed.
13:15:59 INFO  : 'after 3000' command is executed.
13:15:59 INFO  : 'targets -set -filter {jtag_cable_name =~ "Digilent Zybo Z7 210351BFAABCA" && level==0 && jtag_device_ctx=="jsn-Zybo Z7-210351BFAABCA-13722093-0"}' command is executed.
13:16:00 INFO  : Device configured successfully with "C:/Users/019130137/workspace/hello_world/_ide/bitstream/design_1_wrapper.bit"
13:16:00 INFO  : Context for 'APU' is selected.
13:16:00 INFO  : Hardware design and registers information is loaded from 'C:/Users/019130137/workspace/zybo_platform/export/zybo_platform/hw/design_1_wrapper.xsa'.
13:16:00 INFO  : 'configparams force-mem-access 1' command is executed.
13:16:00 INFO  : Context for 'APU' is selected.
13:16:00 INFO  : Sourcing of 'C:/Users/019130137/workspace/hello_world/_ide/psinit/ps7_init.tcl' is done.
13:16:01 INFO  : 'ps7_init' command is executed.
13:16:01 INFO  : 'ps7_post_config' command is executed.
13:16:01 INFO  : Context for processor 'ps7_cortexa9_0' is selected.
13:16:01 INFO  : The application 'C:/Users/019130137/workspace/hello_world/Debug/hello_world.elf' is downloaded to processor 'ps7_cortexa9_0'.
13:16:01 INFO  : 'configparams force-mem-access 0' command is executed.
13:16:01 INFO  : ----------------XSDB Script----------------
connect -url tcp:127.0.0.1:3121
targets -set -nocase -filter {name =~"APU*"}
rst -system
after 3000
targets -set -filter {jtag_cable_name =~ "Digilent Zybo Z7 210351BFAABCA" && level==0 && jtag_device_ctx=="jsn-Zybo Z7-210351BFAABCA-13722093-0"}
fpga -file C:/Users/019130137/workspace/hello_world/_ide/bitstream/design_1_wrapper.bit
targets -set -nocase -filter {name =~"APU*"}
loadhw -hw C:/Users/019130137/workspace/zybo_platform/export/zybo_platform/hw/design_1_wrapper.xsa -mem-ranges [list {0x40000000 0xbfffffff}] -regs
configparams force-mem-access 1
targets -set -nocase -filter {name =~"APU*"}
source C:/Users/019130137/workspace/hello_world/_ide/psinit/ps7_init.tcl
ps7_init
ps7_post_config
targets -set -nocase -filter {name =~ "*A9*#0"}
dow C:/Users/019130137/workspace/hello_world/Debug/hello_world.elf
configparams force-mem-access 0
----------------End of Script----------------

13:16:01 INFO  : Context for processor 'ps7_cortexa9_0' is selected.
13:16:01 INFO  : 'con' command is executed.
13:16:01 INFO  : ----------------XSDB Script (After Launch)----------------
targets -set -nocase -filter {name =~ "*A9*#0"}
con
----------------End of Script----------------

13:16:01 INFO  : Launch script is exported to file 'C:\Users\019130137\workspace\hello_world_system\_ide\scripts\systemdebugger_hello_world_system_standalone.tcl'
13:18:43 INFO  : Disconnected from the channel tcfchan#4.
13:18:43 INFO  : Connected to target on host '127.0.0.1' and port '3121'.
13:18:43 INFO  : Jtag cable 'Digilent Zybo Z7 210351BFAABCA' is selected.
13:18:43 INFO  : 'jtag frequency' command is executed.
13:18:43 INFO  : Context for 'APU' is selected.
13:18:43 INFO  : System reset is completed.
13:18:46 INFO  : 'after 3000' command is executed.
13:18:46 INFO  : 'targets -set -filter {jtag_cable_name =~ "Digilent Zybo Z7 210351BFAABCA" && level==0 && jtag_device_ctx=="jsn-Zybo Z7-210351BFAABCA-13722093-0"}' command is executed.
13:18:48 INFO  : Device configured successfully with "C:/Users/019130137/workspace/hello_world/_ide/bitstream/design_1_wrapper.bit"
13:18:48 INFO  : Context for 'APU' is selected.
13:18:48 INFO  : Hardware design and registers information is loaded from 'C:/Users/019130137/workspace/zybo_platform/export/zybo_platform/hw/design_1_wrapper.xsa'.
13:18:48 INFO  : 'configparams force-mem-access 1' command is executed.
13:18:48 INFO  : Context for 'APU' is selected.
13:18:48 INFO  : Sourcing of 'C:/Users/019130137/workspace/hello_world/_ide/psinit/ps7_init.tcl' is done.
13:18:49 INFO  : 'ps7_init' command is executed.
13:18:49 INFO  : 'ps7_post_config' command is executed.
13:18:49 INFO  : Context for processor 'ps7_cortexa9_0' is selected.
13:18:49 INFO  : The application 'C:/Users/019130137/workspace/hello_world/Debug/hello_world.elf' is downloaded to processor 'ps7_cortexa9_0'.
13:18:49 INFO  : 'configparams force-mem-access 0' command is executed.
13:18:49 INFO  : ----------------XSDB Script----------------
connect -url tcp:127.0.0.1:3121
targets -set -nocase -filter {name =~"APU*"}
rst -system
after 3000
targets -set -filter {jtag_cable_name =~ "Digilent Zybo Z7 210351BFAABCA" && level==0 && jtag_device_ctx=="jsn-Zybo Z7-210351BFAABCA-13722093-0"}
fpga -file C:/Users/019130137/workspace/hello_world/_ide/bitstream/design_1_wrapper.bit
targets -set -nocase -filter {name =~"APU*"}
loadhw -hw C:/Users/019130137/workspace/zybo_platform/export/zybo_platform/hw/design_1_wrapper.xsa -mem-ranges [list {0x40000000 0xbfffffff}] -regs
configparams force-mem-access 1
targets -set -nocase -filter {name =~"APU*"}
source C:/Users/019130137/workspace/hello_world/_ide/psinit/ps7_init.tcl
ps7_init
ps7_post_config
targets -set -nocase -filter {name =~ "*A9*#0"}
dow C:/Users/019130137/workspace/hello_world/Debug/hello_world.elf
configparams force-mem-access 0
----------------End of Script----------------

13:18:49 INFO  : Context for processor 'ps7_cortexa9_0' is selected.
13:18:49 INFO  : 'con' command is executed.
13:18:49 INFO  : ----------------XSDB Script (After Launch)----------------
targets -set -nocase -filter {name =~ "*A9*#0"}
con
----------------End of Script----------------

13:18:49 INFO  : Launch script is exported to file 'C:\Users\019130137\workspace\hello_world_system\_ide\scripts\systemdebugger_hello_world_system_standalone.tcl'
13:26:23 INFO  : Disconnected from the channel tcfchan#5.
13:26:23 INFO  : Connected to target on host '127.0.0.1' and port '3121'.
13:26:23 INFO  : Jtag cable 'Digilent Zybo Z7 210351BFAABCA' is selected.
13:26:23 INFO  : 'jtag frequency' command is executed.
13:26:23 INFO  : Context for 'APU' is selected.
13:26:23 INFO  : System reset is completed.
13:26:26 INFO  : 'after 3000' command is executed.
13:26:26 INFO  : 'targets -set -filter {jtag_cable_name =~ "Digilent Zybo Z7 210351BFAABCA" && level==0 && jtag_device_ctx=="jsn-Zybo Z7-210351BFAABCA-13722093-0"}' command is executed.
13:26:28 INFO  : Device configured successfully with "C:/Users/019130137/workspace/hello_world/_ide/bitstream/design_1_wrapper.bit"
13:26:28 INFO  : Context for 'APU' is selected.
13:26:28 INFO  : Hardware design and registers information is loaded from 'C:/Users/019130137/workspace/zybo_platform/export/zybo_platform/hw/design_1_wrapper.xsa'.
13:26:28 INFO  : 'configparams force-mem-access 1' command is executed.
13:26:28 INFO  : Context for 'APU' is selected.
13:26:28 INFO  : Sourcing of 'C:/Users/019130137/workspace/hello_world/_ide/psinit/ps7_init.tcl' is done.
13:26:29 INFO  : 'ps7_init' command is executed.
13:26:29 INFO  : 'ps7_post_config' command is executed.
13:26:29 INFO  : Context for processor 'ps7_cortexa9_0' is selected.
13:26:29 INFO  : The application 'C:/Users/019130137/workspace/hello_world/Debug/hello_world.elf' is downloaded to processor 'ps7_cortexa9_0'.
13:26:29 INFO  : 'configparams force-mem-access 0' command is executed.
13:26:29 INFO  : ----------------XSDB Script----------------
connect -url tcp:127.0.0.1:3121
targets -set -nocase -filter {name =~"APU*"}
rst -system
after 3000
targets -set -filter {jtag_cable_name =~ "Digilent Zybo Z7 210351BFAABCA" && level==0 && jtag_device_ctx=="jsn-Zybo Z7-210351BFAABCA-13722093-0"}
fpga -file C:/Users/019130137/workspace/hello_world/_ide/bitstream/design_1_wrapper.bit
targets -set -nocase -filter {name =~"APU*"}
loadhw -hw C:/Users/019130137/workspace/zybo_platform/export/zybo_platform/hw/design_1_wrapper.xsa -mem-ranges [list {0x40000000 0xbfffffff}] -regs
configparams force-mem-access 1
targets -set -nocase -filter {name =~"APU*"}
source C:/Users/019130137/workspace/hello_world/_ide/psinit/ps7_init.tcl
ps7_init
ps7_post_config
targets -set -nocase -filter {name =~ "*A9*#0"}
dow C:/Users/019130137/workspace/hello_world/Debug/hello_world.elf
configparams force-mem-access 0
----------------End of Script----------------

13:26:29 INFO  : Context for processor 'ps7_cortexa9_0' is selected.
13:26:29 INFO  : 'con' command is executed.
13:26:29 INFO  : ----------------XSDB Script (After Launch)----------------
targets -set -nocase -filter {name =~ "*A9*#0"}
con
----------------End of Script----------------

13:26:29 INFO  : Launch script is exported to file 'C:\Users\019130137\workspace\hello_world_system\_ide\scripts\systemdebugger_hello_world_system_standalone.tcl'
13:30:50 INFO  : Disconnected from the channel tcfchan#6.
13:30:50 INFO  : Connected to target on host '127.0.0.1' and port '3121'.
13:30:51 INFO  : Jtag cable 'Digilent Zybo Z7 210351BFAABCA' is selected.
13:30:51 INFO  : 'jtag frequency' command is executed.
13:30:51 INFO  : Context for 'APU' is selected.
13:30:51 INFO  : System reset is completed.
13:30:54 INFO  : 'after 3000' command is executed.
13:30:54 INFO  : 'targets -set -filter {jtag_cable_name =~ "Digilent Zybo Z7 210351BFAABCA" && level==0 && jtag_device_ctx=="jsn-Zybo Z7-210351BFAABCA-13722093-0"}' command is executed.
13:30:55 INFO  : Device configured successfully with "C:/Users/019130137/workspace/hello_world/_ide/bitstream/design_1_wrapper.bit"
13:30:55 INFO  : Context for 'APU' is selected.
13:30:55 INFO  : Hardware design and registers information is loaded from 'C:/Users/019130137/workspace/zybo_platform/export/zybo_platform/hw/design_1_wrapper.xsa'.
13:30:55 INFO  : 'configparams force-mem-access 1' command is executed.
13:30:55 INFO  : Context for 'APU' is selected.
13:30:55 INFO  : Sourcing of 'C:/Users/019130137/workspace/hello_world/_ide/psinit/ps7_init.tcl' is done.
13:30:56 INFO  : 'ps7_init' command is executed.
13:30:56 INFO  : 'ps7_post_config' command is executed.
13:30:56 INFO  : Context for processor 'ps7_cortexa9_0' is selected.
13:30:56 INFO  : The application 'C:/Users/019130137/workspace/hello_world/Debug/hello_world.elf' is downloaded to processor 'ps7_cortexa9_0'.
13:30:56 INFO  : 'configparams force-mem-access 0' command is executed.
13:30:56 INFO  : ----------------XSDB Script----------------
connect -url tcp:127.0.0.1:3121
targets -set -nocase -filter {name =~"APU*"}
rst -system
after 3000
targets -set -filter {jtag_cable_name =~ "Digilent Zybo Z7 210351BFAABCA" && level==0 && jtag_device_ctx=="jsn-Zybo Z7-210351BFAABCA-13722093-0"}
fpga -file C:/Users/019130137/workspace/hello_world/_ide/bitstream/design_1_wrapper.bit
targets -set -nocase -filter {name =~"APU*"}
loadhw -hw C:/Users/019130137/workspace/zybo_platform/export/zybo_platform/hw/design_1_wrapper.xsa -mem-ranges [list {0x40000000 0xbfffffff}] -regs
configparams force-mem-access 1
targets -set -nocase -filter {name =~"APU*"}
source C:/Users/019130137/workspace/hello_world/_ide/psinit/ps7_init.tcl
ps7_init
ps7_post_config
targets -set -nocase -filter {name =~ "*A9*#0"}
dow C:/Users/019130137/workspace/hello_world/Debug/hello_world.elf
configparams force-mem-access 0
----------------End of Script----------------

13:30:56 INFO  : Context for processor 'ps7_cortexa9_0' is selected.
13:30:56 INFO  : 'con' command is executed.
13:30:56 INFO  : ----------------XSDB Script (After Launch)----------------
targets -set -nocase -filter {name =~ "*A9*#0"}
con
----------------End of Script----------------

13:30:56 INFO  : Launch script is exported to file 'C:\Users\019130137\workspace\hello_world_system\_ide\scripts\systemdebugger_hello_world_system_standalone.tcl'
13:36:46 INFO  : Disconnected from the channel tcfchan#7.
13:36:46 INFO  : Connected to target on host '127.0.0.1' and port '3121'.
13:36:47 INFO  : Jtag cable 'Digilent Zybo Z7 210351BFAABCA' is selected.
13:36:47 INFO  : 'jtag frequency' command is executed.
13:36:47 INFO  : Context for 'APU' is selected.
13:36:47 INFO  : System reset is completed.
13:36:50 INFO  : 'after 3000' command is executed.
13:36:50 INFO  : 'targets -set -filter {jtag_cable_name =~ "Digilent Zybo Z7 210351BFAABCA" && level==0 && jtag_device_ctx=="jsn-Zybo Z7-210351BFAABCA-13722093-0"}' command is executed.
13:36:51 INFO  : Device configured successfully with "C:/Users/019130137/workspace/hello_world/_ide/bitstream/design_1_wrapper.bit"
13:36:51 INFO  : Context for 'APU' is selected.
13:36:51 INFO  : Hardware design and registers information is loaded from 'C:/Users/019130137/workspace/zybo_platform/export/zybo_platform/hw/design_1_wrapper.xsa'.
13:36:51 INFO  : 'configparams force-mem-access 1' command is executed.
13:36:51 INFO  : Context for 'APU' is selected.
13:36:51 INFO  : Sourcing of 'C:/Users/019130137/workspace/hello_world/_ide/psinit/ps7_init.tcl' is done.
13:36:52 INFO  : 'ps7_init' command is executed.
13:36:52 INFO  : 'ps7_post_config' command is executed.
13:36:52 INFO  : Context for processor 'ps7_cortexa9_0' is selected.
13:36:53 INFO  : The application 'C:/Users/019130137/workspace/hello_world/Debug/hello_world.elf' is downloaded to processor 'ps7_cortexa9_0'.
13:36:53 INFO  : 'configparams force-mem-access 0' command is executed.
13:36:53 INFO  : ----------------XSDB Script----------------
connect -url tcp:127.0.0.1:3121
targets -set -nocase -filter {name =~"APU*"}
rst -system
after 3000
targets -set -filter {jtag_cable_name =~ "Digilent Zybo Z7 210351BFAABCA" && level==0 && jtag_device_ctx=="jsn-Zybo Z7-210351BFAABCA-13722093-0"}
fpga -file C:/Users/019130137/workspace/hello_world/_ide/bitstream/design_1_wrapper.bit
targets -set -nocase -filter {name =~"APU*"}
loadhw -hw C:/Users/019130137/workspace/zybo_platform/export/zybo_platform/hw/design_1_wrapper.xsa -mem-ranges [list {0x40000000 0xbfffffff}] -regs
configparams force-mem-access 1
targets -set -nocase -filter {name =~"APU*"}
source C:/Users/019130137/workspace/hello_world/_ide/psinit/ps7_init.tcl
ps7_init
ps7_post_config
targets -set -nocase -filter {name =~ "*A9*#0"}
dow C:/Users/019130137/workspace/hello_world/Debug/hello_world.elf
configparams force-mem-access 0
----------------End of Script----------------

13:36:53 INFO  : Context for processor 'ps7_cortexa9_0' is selected.
13:36:53 INFO  : 'con' command is executed.
13:36:53 INFO  : ----------------XSDB Script (After Launch)----------------
targets -set -nocase -filter {name =~ "*A9*#0"}
con
----------------End of Script----------------

13:36:53 INFO  : Launch script is exported to file 'C:\Users\019130137\workspace\hello_world_system\_ide\scripts\systemdebugger_hello_world_system_standalone.tcl'
13:37:06 INFO  : Checking for BSP changes to sync application flags for project 'hello_world'...
13:37:36 INFO  : Disconnected from the channel tcfchan#8.
13:37:37 INFO  : Connected to target on host '127.0.0.1' and port '3121'.
13:37:37 INFO  : Jtag cable 'Digilent Zybo Z7 210351BFAABCA' is selected.
13:37:37 INFO  : 'jtag frequency' command is executed.
13:37:37 INFO  : Context for 'APU' is selected.
13:37:37 INFO  : System reset is completed.
13:37:40 INFO  : 'after 3000' command is executed.
13:37:40 INFO  : 'targets -set -filter {jtag_cable_name =~ "Digilent Zybo Z7 210351BFAABCA" && level==0 && jtag_device_ctx=="jsn-Zybo Z7-210351BFAABCA-13722093-0"}' command is executed.
13:37:41 INFO  : Device configured successfully with "C:/Users/019130137/workspace/hello_world/_ide/bitstream/design_1_wrapper.bit"
13:37:41 INFO  : Context for 'APU' is selected.
13:37:41 INFO  : Hardware design and registers information is loaded from 'C:/Users/019130137/workspace/zybo_platform/export/zybo_platform/hw/design_1_wrapper.xsa'.
13:37:41 INFO  : 'configparams force-mem-access 1' command is executed.
13:37:41 INFO  : Context for 'APU' is selected.
13:37:41 INFO  : Sourcing of 'C:/Users/019130137/workspace/hello_world/_ide/psinit/ps7_init.tcl' is done.
13:37:42 INFO  : 'ps7_init' command is executed.
13:37:42 INFO  : 'ps7_post_config' command is executed.
13:37:42 INFO  : Context for processor 'ps7_cortexa9_0' is selected.
13:37:43 INFO  : The application 'C:/Users/019130137/workspace/hello_world/Debug/hello_world.elf' is downloaded to processor 'ps7_cortexa9_0'.
13:37:43 INFO  : 'configparams force-mem-access 0' command is executed.
13:37:43 INFO  : ----------------XSDB Script----------------
connect -url tcp:127.0.0.1:3121
targets -set -nocase -filter {name =~"APU*"}
rst -system
after 3000
targets -set -filter {jtag_cable_name =~ "Digilent Zybo Z7 210351BFAABCA" && level==0 && jtag_device_ctx=="jsn-Zybo Z7-210351BFAABCA-13722093-0"}
fpga -file C:/Users/019130137/workspace/hello_world/_ide/bitstream/design_1_wrapper.bit
targets -set -nocase -filter {name =~"APU*"}
loadhw -hw C:/Users/019130137/workspace/zybo_platform/export/zybo_platform/hw/design_1_wrapper.xsa -mem-ranges [list {0x40000000 0xbfffffff}] -regs
configparams force-mem-access 1
targets -set -nocase -filter {name =~"APU*"}
source C:/Users/019130137/workspace/hello_world/_ide/psinit/ps7_init.tcl
ps7_init
ps7_post_config
targets -set -nocase -filter {name =~ "*A9*#0"}
dow C:/Users/019130137/workspace/hello_world/Debug/hello_world.elf
configparams force-mem-access 0
----------------End of Script----------------

13:37:43 INFO  : Context for processor 'ps7_cortexa9_0' is selected.
13:37:43 INFO  : 'con' command is executed.
13:37:43 INFO  : ----------------XSDB Script (After Launch)----------------
targets -set -nocase -filter {name =~ "*A9*#0"}
con
----------------End of Script----------------

13:37:43 INFO  : Launch script is exported to file 'C:\Users\019130137\workspace\hello_world_system\_ide\scripts\systemdebugger_hello_world_system_standalone.tcl'
13:37:56 INFO  : Disconnected from the channel tcfchan#10.
13:37:56 INFO  : Connected to target on host '127.0.0.1' and port '3121'.
13:37:56 INFO  : Jtag cable 'Digilent Zybo Z7 210351BFAABCA' is selected.
13:37:56 INFO  : 'jtag frequency' command is executed.
13:37:56 INFO  : Context for 'APU' is selected.
13:37:56 INFO  : System reset is completed.
13:37:59 INFO  : 'after 3000' command is executed.
13:37:59 INFO  : 'targets -set -filter {jtag_cable_name =~ "Digilent Zybo Z7 210351BFAABCA" && level==0 && jtag_device_ctx=="jsn-Zybo Z7-210351BFAABCA-13722093-0"}' command is executed.
13:38:01 INFO  : Device configured successfully with "C:/Users/019130137/workspace/hello_world/_ide/bitstream/design_1_wrapper.bit"
13:38:01 INFO  : Context for 'APU' is selected.
13:38:01 INFO  : Hardware design and registers information is loaded from 'C:/Users/019130137/workspace/zybo_platform/export/zybo_platform/hw/design_1_wrapper.xsa'.
13:38:01 INFO  : 'configparams force-mem-access 1' command is executed.
13:38:01 INFO  : Context for 'APU' is selected.
13:38:01 INFO  : Sourcing of 'C:/Users/019130137/workspace/hello_world/_ide/psinit/ps7_init.tcl' is done.
13:38:01 INFO  : 'ps7_init' command is executed.
13:38:01 INFO  : 'ps7_post_config' command is executed.
13:38:01 INFO  : Context for processor 'ps7_cortexa9_0' is selected.
13:38:02 INFO  : The application 'C:/Users/019130137/workspace/hello_world/Debug/hello_world.elf' is downloaded to processor 'ps7_cortexa9_0'.
13:38:02 INFO  : 'configparams force-mem-access 0' command is executed.
13:38:02 INFO  : ----------------XSDB Script----------------
connect -url tcp:127.0.0.1:3121
targets -set -nocase -filter {name =~"APU*"}
rst -system
after 3000
targets -set -filter {jtag_cable_name =~ "Digilent Zybo Z7 210351BFAABCA" && level==0 && jtag_device_ctx=="jsn-Zybo Z7-210351BFAABCA-13722093-0"}
fpga -file C:/Users/019130137/workspace/hello_world/_ide/bitstream/design_1_wrapper.bit
targets -set -nocase -filter {name =~"APU*"}
loadhw -hw C:/Users/019130137/workspace/zybo_platform/export/zybo_platform/hw/design_1_wrapper.xsa -mem-ranges [list {0x40000000 0xbfffffff}] -regs
configparams force-mem-access 1
targets -set -nocase -filter {name =~"APU*"}
source C:/Users/019130137/workspace/hello_world/_ide/psinit/ps7_init.tcl
ps7_init
ps7_post_config
targets -set -nocase -filter {name =~ "*A9*#0"}
dow C:/Users/019130137/workspace/hello_world/Debug/hello_world.elf
configparams force-mem-access 0
----------------End of Script----------------

13:38:02 INFO  : Context for processor 'ps7_cortexa9_0' is selected.
13:38:02 INFO  : 'con' command is executed.
13:38:02 INFO  : ----------------XSDB Script (After Launch)----------------
targets -set -nocase -filter {name =~ "*A9*#0"}
con
----------------End of Script----------------

13:38:02 INFO  : Launch script is exported to file 'C:\Users\019130137\workspace\hello_world_system\_ide\scripts\systemdebugger_hello_world_system_standalone.tcl'
13:47:49 INFO  : Disconnected from the channel tcfchan#11.
14:00:02 INFO  : Launching XSCT server: xsct.bat -n  -interactive C:\Users\019130137\matrix_accel_project\matrix_accel_project\vitis\phase3_hello_world_workspace\temp_xsdb_launch_script.tcl
14:00:07 INFO  : XSCT server has started successfully.
14:00:07 INFO  : plnx-install-location is set to ''
14:00:07 INFO  : Successfully done setting XSCT server connection channel  
14:00:07 INFO  : Successfully done setting workspace for the tool. 
14:00:09 ERROR : Error encountered while initializing user repository paths
Reason: No Platforms Found.


14:00:09 INFO  : Platform repository initialization has completed.
14:00:09 INFO  : Registering command handlers for Vitis TCF services
14:00:10 INFO  : Successfully done query RDI_DATADIR 
